
10:47:33.038 [info] Loading 137 CA(s) from :otp store

10:47:33.066 [notice] Application next_ls exited: NextLS.Application.start(:normal, []) returned an error: shutdown: failed to start child: NextLS.LSPSupervisor
    ** (EXIT) shutdown: failed to start child: NextLS
        ** (EXIT) an exception was raised:
            ** (ErlangError) Erlang error: :enoent
                (elixir 1.17.1) lib/system.ex:1114: System.cmd("elixir", ["--short-version"], [])
                (next_ls 0.23.1) lib/next_ls.ex:47: NextLS.init/2
                (gen_lsp 0.10.0) lib/gen_lsp.ex:201: GenLSP.init/1
                (stdlib 6.0) proc_lib.erl:329: :proc_lib.init_p_do_apply/3

10:47:36.195 [info] Loading 137 CA(s) from :otp store

10:47:36.216 [notice] Application next_ls exited: NextLS.Application.start(:normal, []) returned an error: shutdown: failed to start child: NextLS.LSPSupervisor
    ** (EXIT) shutdown: failed to start child: NextLS
        ** (EXIT) an exception was raised:
            ** (ErlangError) Erlang error: :enoent
                (elixir 1.17.1) lib/system.ex:1114: System.cmd("elixir", ["--short-version"], [])
                (next_ls 0.23.1) lib/next_ls.ex:47: NextLS.init/2
                (gen_lsp 0.10.0) lib/gen_lsp.ex:201: GenLSP.init/1
                (stdlib 6.0) proc_lib.erl:329: :proc_lib.init_p_do_apply/3

10:47:39.501 [info] Loading 137 CA(s) from :otp store

10:47:39.543 [notice] Application next_ls exited: NextLS.Application.start(:normal, []) returned an error: shutdown: failed to start child: NextLS.LSPSupervisor
    ** (EXIT) shutdown: failed to start child: NextLS
        ** (EXIT) an exception was raised:
            ** (ErlangError) Erlang error: :enoent
                (elixir 1.17.1) lib/system.ex:1114: System.cmd("elixir", ["--short-version"], [])
                (next_ls 0.23.1) lib/next_ls.ex:47: NextLS.init/2
                (gen_lsp 0.10.0) lib/gen_lsp.ex:201: GenLSP.init/1
                (stdlib 6.0) proc_lib.erl:329: :proc_lib.init_p_do_apply/3

10:47:39.526 [info] Loading 137 CA(s) from :otp store

10:47:39.562 [notice] Application next_ls exited: NextLS.Application.start(:normal, []) returned an error: shutdown: failed to start child: NextLS.LSPSupervisor
    ** (EXIT) shutdown: failed to start child: NextLS
        ** (EXIT) an exception was raised:
            ** (ErlangError) Erlang error: :enoent
                (elixir 1.17.1) lib/system.ex:1114: System.cmd("elixir", ["--short-version"], [])
                (next_ls 0.23.1) lib/next_ls.ex:47: NextLS.init/2
                (gen_lsp 0.10.0) lib/gen_lsp.ex:201: GenLSP.init/1
                (stdlib 6.0) proc_lib.erl:329: :proc_lib.init_p_do_apply/3

18:43:49.426 [info] Loading 137 CA(s) from :otp store

18:43:49.502 [notice] Application next_ls exited: NextLS.Application.start(:normal, []) returned an error: shutdown: failed to start child: NextLS.LSPSupervisor
    ** (EXIT) shutdown: failed to start child: NextLS
        ** (EXIT) an exception was raised:
            ** (ErlangError) Erlang error: :enoent
                (elixir 1.17.1) lib/system.ex:1114: System.cmd("elixir", ["--short-version"], [])
                (next_ls 0.23.1) lib/next_ls.ex:47: NextLS.init/2
                (gen_lsp 0.10.0) lib/gen_lsp.ex:201: GenLSP.init/1
                (stdlib 6.0) proc_lib.erl:329: :proc_lib.init_p_do_apply/3

18:43:52.827 [info] Loading 137 CA(s) from :otp store

18:43:52.883 [notice] Application next_ls exited: NextLS.Application.start(:normal, []) returned an error: shutdown: failed to start child: NextLS.LSPSupervisor
    ** (EXIT) shutdown: failed to start child: NextLS
        ** (EXIT) an exception was raised:
            ** (ErlangError) Erlang error: :enoent
                (elixir 1.17.1) lib/system.ex:1114: System.cmd("elixir", ["--short-version"], [])
                (next_ls 0.23.1) lib/next_ls.ex:47: NextLS.init/2
                (gen_lsp 0.10.0) lib/gen_lsp.ex:201: GenLSP.init/1
                (stdlib 6.0) proc_lib.erl:329: :proc_lib.init_p_do_apply/3

18:43:56.130 [info] Loading 137 CA(s) from :otp store

18:43:56.163 [notice] Application next_ls exited: NextLS.Application.start(:normal, []) returned an error: shutdown: failed to start child: NextLS.LSPSupervisor
    ** (EXIT) shutdown: failed to start child: NextLS
        ** (EXIT) an exception was raised:
            ** (ErlangError) Erlang error: :enoent
                (elixir 1.17.1) lib/system.ex:1114: System.cmd("elixir", ["--short-version"], [])
                (next_ls 0.23.1) lib/next_ls.ex:47: NextLS.init/2
                (gen_lsp 0.10.0) lib/gen_lsp.ex:201: GenLSP.init/1
                (stdlib 6.0) proc_lib.erl:329: :proc_lib.init_p_do_apply/3

18:43:59.416 [info] Loading 137 CA(s) from :otp store

18:43:59.449 [notice] Application next_ls exited: NextLS.Application.start(:normal, []) returned an error: shutdown: failed to start child: NextLS.LSPSupervisor
    ** (EXIT) shutdown: failed to start child: NextLS
        ** (EXIT) an exception was raised:
            ** (ErlangError) Erlang error: :enoent
                (elixir 1.17.1) lib/system.ex:1114: System.cmd("elixir", ["--short-version"], [])
                (next_ls 0.23.1) lib/next_ls.ex:47: NextLS.init/2
                (gen_lsp 0.10.0) lib/gen_lsp.ex:201: GenLSP.init/1
                (stdlib 6.0) proc_lib.erl:329: :proc_lib.init_p_do_apply/3

18:44:02.645 [info] Loading 137 CA(s) from :otp store

18:44:02.669 [notice] Application next_ls exited: NextLS.Application.start(:normal, []) returned an error: shutdown: failed to start child: NextLS.LSPSupervisor
    ** (EXIT) shutdown: failed to start child: NextLS
        ** (EXIT) an exception was raised:
            ** (ErlangError) Erlang error: :enoent
                (elixir 1.17.1) lib/system.ex:1114: System.cmd("elixir", ["--short-version"], [])
                (next_ls 0.23.1) lib/next_ls.ex:47: NextLS.init/2
                (gen_lsp 0.10.0) lib/gen_lsp.ex:201: GenLSP.init/1
                (stdlib 6.0) proc_lib.erl:329: :proc_lib.init_p_do_apply/3

23:15:18.489 [info] Loading 137 CA(s) from :otp store

23:15:18.523 [notice] Application next_ls exited: NextLS.Application.start(:normal, []) returned an error: shutdown: failed to start child: NextLS.LSPSupervisor
    ** (EXIT) shutdown: failed to start child: NextLS
        ** (EXIT) an exception was raised:
            ** (ErlangError) Erlang error: :enoent
                (elixir 1.17.2) lib/system.ex:1114: System.cmd("elixir", ["--short-version"], [])
                (next_ls 0.23.2) lib/next_ls.ex:47: NextLS.init/2
                (gen_lsp 0.10.0) lib/gen_lsp.ex:201: GenLSP.init/1
                (stdlib 6.0) proc_lib.erl:329: :proc_lib.init_p_do_apply/3

23:15:21.659 [info] Loading 137 CA(s) from :otp store

23:15:21.703 [notice] Application next_ls exited: NextLS.Application.start(:normal, []) returned an error: shutdown: failed to start child: NextLS.LSPSupervisor
    ** (EXIT) shutdown: failed to start child: NextLS
        ** (EXIT) an exception was raised:
            ** (ErlangError) Erlang error: :enoent
                (elixir 1.17.2) lib/system.ex:1114: System.cmd("elixir", ["--short-version"], [])
                (next_ls 0.23.2) lib/next_ls.ex:47: NextLS.init/2
                (gen_lsp 0.10.0) lib/gen_lsp.ex:201: GenLSP.init/1
                (stdlib 6.0) proc_lib.erl:329: :proc_lib.init_p_do_apply/3

23:15:24.754 [info] Loading 137 CA(s) from :otp store

23:15:24.774 [notice] Application next_ls exited: NextLS.Application.start(:normal, []) returned an error: shutdown: failed to start child: NextLS.LSPSupervisor
    ** (EXIT) shutdown: failed to start child: NextLS
        ** (EXIT) an exception was raised:
            ** (ErlangError) Erlang error: :enoent
                (elixir 1.17.2) lib/system.ex:1114: System.cmd("elixir", ["--short-version"], [])
                (next_ls 0.23.2) lib/next_ls.ex:47: NextLS.init/2
                (gen_lsp 0.10.0) lib/gen_lsp.ex:201: GenLSP.init/1
                (stdlib 6.0) proc_lib.erl:329: :proc_lib.init_p_do_apply/3

23:15:27.900 [info] Loading 137 CA(s) from :otp store

23:15:27.931 [notice] Application next_ls exited: NextLS.Application.start(:normal, []) returned an error: shutdown: failed to start child: NextLS.LSPSupervisor
    ** (EXIT) shutdown: failed to start child: NextLS
        ** (EXIT) an exception was raised:
            ** (ErlangError) Erlang error: :enoent
                (elixir 1.17.2) lib/system.ex:1114: System.cmd("elixir", ["--short-version"], [])
                (next_ls 0.23.2) lib/next_ls.ex:47: NextLS.init/2
                (gen_lsp 0.10.0) lib/gen_lsp.ex:201: GenLSP.init/1
                (stdlib 6.0) proc_lib.erl:329: :proc_lib.init_p_do_apply/3

23:15:31.055 [info] Loading 137 CA(s) from :otp store

23:15:31.073 [notice] Application next_ls exited: NextLS.Application.start(:normal, []) returned an error: shutdown: failed to start child: NextLS.LSPSupervisor
    ** (EXIT) shutdown: failed to start child: NextLS
        ** (EXIT) an exception was raised:
            ** (ErlangError) Erlang error: :enoent
                (elixir 1.17.2) lib/system.ex:1114: System.cmd("elixir", ["--short-version"], [])
                (next_ls 0.23.2) lib/next_ls.ex:47: NextLS.init/2
                (gen_lsp 0.10.0) lib/gen_lsp.ex:201: GenLSP.init/1
                (stdlib 6.0) proc_lib.erl:329: :proc_lib.init_p_do_apply/3

18:21:16.580 [info] Loading 137 CA(s) from :otp store

18:21:16.605 [notice] Application next_ls exited: NextLS.Application.start(:normal, []) returned an error: shutdown: failed to start child: NextLS.LSPSupervisor
    ** (EXIT) shutdown: failed to start child: NextLS
        ** (EXIT) an exception was raised:
            ** (ErlangError) Erlang error: :enoent
                (elixir 1.17.2) lib/system.ex:1114: System.cmd("elixir", ["--short-version"], [])
                (next_ls 0.23.2) lib/next_ls.ex:47: NextLS.init/2
                (gen_lsp 0.10.0) lib/gen_lsp.ex:201: GenLSP.init/1
                (stdlib 6.0) proc_lib.erl:329: :proc_lib.init_p_do_apply/3

18:21:19.597 [info] Loading 137 CA(s) from :otp store

18:21:19.613 [notice] Application next_ls exited: NextLS.Application.start(:normal, []) returned an error: shutdown: failed to start child: NextLS.LSPSupervisor
    ** (EXIT) shutdown: failed to start child: NextLS
        ** (EXIT) an exception was raised:
            ** (ErlangError) Erlang error: :enoent
                (elixir 1.17.2) lib/system.ex:1114: System.cmd("elixir", ["--short-version"], [])
                (next_ls 0.23.2) lib/next_ls.ex:47: NextLS.init/2
                (gen_lsp 0.10.0) lib/gen_lsp.ex:201: GenLSP.init/1
                (stdlib 6.0) proc_lib.erl:329: :proc_lib.init_p_do_apply/3

18:21:22.613 [info] Loading 137 CA(s) from :otp store

18:21:22.630 [notice] Application next_ls exited: NextLS.Application.start(:normal, []) returned an error: shutdown: failed to start child: NextLS.LSPSupervisor
    ** (EXIT) shutdown: failed to start child: NextLS
        ** (EXIT) an exception was raised:
            ** (ErlangError) Erlang error: :enoent
                (elixir 1.17.2) lib/system.ex:1114: System.cmd("elixir", ["--short-version"], [])
                (next_ls 0.23.2) lib/next_ls.ex:47: NextLS.init/2
                (gen_lsp 0.10.0) lib/gen_lsp.ex:201: GenLSP.init/1
                (stdlib 6.0) proc_lib.erl:329: :proc_lib.init_p_do_apply/3

18:21:25.616 [info] Loading 137 CA(s) from :otp store

18:21:25.635 [notice] Application next_ls exited: NextLS.Application.start(:normal, []) returned an error: shutdown: failed to start child: NextLS.LSPSupervisor
    ** (EXIT) shutdown: failed to start child: NextLS
        ** (EXIT) an exception was raised:
            ** (ErlangError) Erlang error: :enoent
                (elixir 1.17.2) lib/system.ex:1114: System.cmd("elixir", ["--short-version"], [])
                (next_ls 0.23.2) lib/next_ls.ex:47: NextLS.init/2
                (gen_lsp 0.10.0) lib/gen_lsp.ex:201: GenLSP.init/1
                (stdlib 6.0) proc_lib.erl:329: :proc_lib.init_p_do_apply/3

10:16:49.286 [info] Loading 137 CA(s) from :otp store

10:16:49.313 [notice] Application next_ls exited: NextLS.Application.start(:normal, []) returned an error: shutdown: failed to start child: NextLS.LSPSupervisor
    ** (EXIT) shutdown: failed to start child: NextLS
        ** (EXIT) an exception was raised:
            ** (ErlangError) Erlang error: :enoent
                (elixir 1.17.2) lib/system.ex:1114: System.cmd("elixir", ["--short-version"], [])
                (next_ls 0.23.2) lib/next_ls.ex:47: NextLS.init/2
                (gen_lsp 0.10.0) lib/gen_lsp.ex:201: GenLSP.init/1
                (stdlib 6.0) proc_lib.erl:329: :proc_lib.init_p_do_apply/3

10:16:52.358 [info] Loading 137 CA(s) from :otp store

10:16:52.381 [notice] Application next_ls exited: NextLS.Application.start(:normal, []) returned an error: shutdown: failed to start child: NextLS.LSPSupervisor
    ** (EXIT) shutdown: failed to start child: NextLS
        ** (EXIT) an exception was raised:
            ** (ErlangError) Erlang error: :enoent
                (elixir 1.17.2) lib/system.ex:1114: System.cmd("elixir", ["--short-version"], [])
                (next_ls 0.23.2) lib/next_ls.ex:47: NextLS.init/2
                (gen_lsp 0.10.0) lib/gen_lsp.ex:201: GenLSP.init/1
                (stdlib 6.0) proc_lib.erl:329: :proc_lib.init_p_do_apply/3

10:16:55.429 [info] Loading 137 CA(s) from :otp store

10:16:55.455 [notice] Application next_ls exited: NextLS.Application.start(:normal, []) returned an error: shutdown: failed to start child: NextLS.LSPSupervisor
    ** (EXIT) shutdown: failed to start child: NextLS
        ** (EXIT) an exception was raised:
            ** (ErlangError) Erlang error: :enoent
                (elixir 1.17.2) lib/system.ex:1114: System.cmd("elixir", ["--short-version"], [])
                (next_ls 0.23.2) lib/next_ls.ex:47: NextLS.init/2
                (gen_lsp 0.10.0) lib/gen_lsp.ex:201: GenLSP.init/1
                (stdlib 6.0) proc_lib.erl:329: :proc_lib.init_p_do_apply/3

10:16:58.506 [info] Loading 137 CA(s) from :otp store

10:16:58.531 [notice] Application next_ls exited: NextLS.Application.start(:normal, []) returned an error: shutdown: failed to start child: NextLS.LSPSupervisor
    ** (EXIT) shutdown: failed to start child: NextLS
        ** (EXIT) an exception was raised:
            ** (ErlangError) Erlang error: :enoent
                (elixir 1.17.2) lib/system.ex:1114: System.cmd("elixir", ["--short-version"], [])
                (next_ls 0.23.2) lib/next_ls.ex:47: NextLS.init/2
                (gen_lsp 0.10.0) lib/gen_lsp.ex:201: GenLSP.init/1
                (stdlib 6.0) proc_lib.erl:329: :proc_lib.init_p_do_apply/3

10:17:01.593 [info] Loading 137 CA(s) from :otp store

10:17:01.626 [notice] Application next_ls exited: NextLS.Application.start(:normal, []) returned an error: shutdown: failed to start child: NextLS.LSPSupervisor
    ** (EXIT) shutdown: failed to start child: NextLS
        ** (EXIT) an exception was raised:
            ** (ErlangError) Erlang error: :enoent
                (elixir 1.17.2) lib/system.ex:1114: System.cmd("elixir", ["--short-version"], [])
                (next_ls 0.23.2) lib/next_ls.ex:47: NextLS.init/2
                (gen_lsp 0.10.0) lib/gen_lsp.ex:201: GenLSP.init/1
                (stdlib 6.0) proc_lib.erl:329: :proc_lib.init_p_do_apply/3
